<?xml version="1.0" encoding="UTF-8"?>
<!-- Generated by org.testng.reporters.JUnitReportReporter -->
<testsuite hostname="Asus-Vivobook-Mahesh" failures="0" tests="1" name="com.testcases.ReqresTest" time="1.662" errors="0" timestamp="2025-02-20T18:57:09 IST" skipped="0">
  <testcase classname="com.testcases.ReqresTest" name="testGetAllUsers" time="1.662"/>
  <system-out/>
</testsuite> <!-- com.testcases.ReqresTest -->
